[0.267s] Invoking command in '/home/g1/ff_ws/build/moveit_interfaces': CMAKE_PREFIX_PATH=/opt/ros/humble /usr/bin/cmake --build /home/g1/ff_ws/build/moveit_interfaces -- -j16 -l16
[0.290s] -- Found ament_cmake: 1.3.11 (/opt/ros/humble/share/ament_cmake/cmake)
[0.373s] -- Override CMake install command with custom implementation using symlinks instead of copying resources
[0.378s] -- Found builtin_interfaces: 1.2.1 (/opt/ros/humble/share/builtin_interfaces/cmake)
[0.393s] -- Found rosidl_generator_c: 3.1.6 (/opt/ros/humble/share/rosidl_generator_c/cmake)
[0.395s] -- Found rosidl_adapter: 3.1.6 (/opt/ros/humble/share/rosidl_adapter/cmake)
[0.398s] -- Found rosidl_generator_cpp: 3.1.6 (/opt/ros/humble/share/rosidl_generator_cpp/cmake)
[0.405s] -- Using all available rosidl_typesupport_c: rosidl_typesupport_fastrtps_c;rosidl_typesupport_introspection_c
[0.412s] -- Using all available rosidl_typesupport_cpp: rosidl_typesupport_fastrtps_cpp;rosidl_typesupport_introspection_cpp
[0.418s] -- Found rosidl_default_generators: 1.2.0 (/opt/ros/humble/share/rosidl_default_generators/cmake)
[0.422s] -- Found geometry_msgs: 4.2.4 (/opt/ros/humble/share/geometry_msgs/cmake)
[0.555s] [31mCMake Error at /opt/ros/humble/share/rosidl_adapter/cmake/rosidl_adapt_interfaces.cmake:59 (message):
[0.556s]   execute_process(/usr/bin/python3 -m rosidl_adapter --package-name
[0.556s]   moveit_interfaces --arguments-file
[0.556s]   /home/g1/ff_ws/build/moveit_interfaces/rosidl_adapter__arguments__moveit_interfaces.json
[0.556s]   --output-dir
[0.556s]   /home/g1/ff_ws/build/moveit_interfaces/rosidl_adapter/moveit_interfaces
[0.556s]   --output-file
[0.556s]   /home/g1/ff_ws/build/moveit_interfaces/rosidl_adapter/moveit_interfaces.idls)
[0.556s]   returned error code 1:
[0.556s] 
[0.556s]   Error processing 'int target_color' of
[0.556s]   'moveit_interfaces/BoxPosition_Request': ''int' is an invalid message name.
[0.556s]   It should have the pattern '^[A-Z][A-Za-z0-9]*$''
[0.556s] 
[0.556s]   Traceback (most recent call last):
[0.556s] 
[0.556s]     File "/usr/lib/python3.10/runpy.py", line 196, in _run_module_as_main
[0.556s]       return _run_code(code, main_globals, None,
[0.556s]     File "/usr/lib/python3.10/runpy.py", line 86, in _run_code
[0.556s]       exec(code, run_globals)
[0.556s]     File "/opt/ros/humble/local/lib/python3.10/dist-packages/rosidl_adapter/__main__.py", line 19, in <module>
[0.556s]       sys.exit(main())
[0.556s]     File "/opt/ros/humble/local/lib/python3.10/dist-packages/rosidl_adapter/main.py", line 53, in main
[0.556s]       abs_idl_file = convert_to_idl(
[0.556s]     File "/opt/ros/humble/local/lib/python3.10/dist-packages/rosidl_adapter/__init__.py", line 24, in convert_to_idl
[0.556s]       return convert_srv_to_idl(
[0.556s]     File "/opt/ros/humble/local/lib/python3.10/dist-packages/rosidl_adapter/srv/__init__.py", line 28, in convert_srv_to_idl
[0.556s]       srv = parse_service_string(package_name, input_file.stem, content)
[0.557s]     File "/opt/ros/humble/local/lib/python3.10/dist-packages/rosidl_adapter/parser.py", line 859, in parse_service_string
[0.557s]       request_message = parse_message_string(
[0.557s]     File "/opt/ros/humble/local/lib/python3.10/dist-packages/rosidl_adapter/parser.py", line 520, in parse_message_string
[0.557s]       Type(type_string, context_package_name=pkg_name),
[0.557s]     File "/opt/ros/humble/local/lib/python3.10/dist-packages/rosidl_adapter/parser.py", line 277, in __init__
[0.557s]       super(Type, self).__init__(
[0.557s]     File "/opt/ros/humble/local/lib/python3.10/dist-packages/rosidl_adapter/parser.py", line 205, in __init__
[0.557s]       raise InvalidResourceName(
[0.557s] 
[0.557s]   rosidl_adapter.parser.InvalidResourceName: 'int' is an invalid message
[0.557s]   name.  It should have the pattern '^[A-Z][A-Za-z0-9]*$'
[0.557s] 
[0.557s] Call Stack (most recent call first):
[0.557s]   /opt/ros/humble/share/rosidl_cmake/cmake/rosidl_generate_interfaces.cmake:130 (rosidl_adapt_interfaces)
[0.557s]   CMakeLists.txt:30 (rosidl_generate_interfaces)
[0.557s] 
[0.557s] [0m
[0.557s] -- Configuring incomplete, errors occurred!
[0.557s] See also "/home/g1/ff_ws/build/moveit_interfaces/CMakeFiles/CMakeOutput.log".
[0.562s] gmake: *** [Makefile:1611: cmake_check_build_system] Error 1
[0.564s] Invoked command in '/home/g1/ff_ws/build/moveit_interfaces' returned '2': CMAKE_PREFIX_PATH=/opt/ros/humble /usr/bin/cmake --build /home/g1/ff_ws/build/moveit_interfaces -- -j16 -l16
